<?xml version="1.0" encoding="UTF-8"?>
<!-- Generated by org.testng.reporters.JUnitReportReporter -->
<testsuite hostname="LAPTOP-B8RU0JF4" failures="0" tests="3" name="com.testng.SimpleAnnotations" time="0.036" errors="0" timestamp="2024-11-18T13:26:44 IST" skipped="0">
  <testcase classname="com.testng.SimpleAnnotations" name="men" time="0.010"/>
  <system-out/>
  <testcase classname="com.testng.SimpleAnnotations" name="kids" time="0.018"/>
  <system-out/>
  <testcase classname="com.testng.SimpleAnnotations" name="women" time="0.008"/>
  <system-out/>
</testsuite> <!-- com.testng.SimpleAnnotations -->
