<?xml version="1.0" encoding="UTF-8"?>
<!-- Generated by org.testng.reporters.JUnitReportReporter -->
<testsuite hostname="LAPTOP-B8RU0JF4" failures="0" tests="4" name="com.testng.DataProviderTest" time="27.640" errors="0" timestamp="2024-11-22T11:08:33 IST" skipped="0">
  <testcase classname="com.testng.DataProviderTest" name="login" time="4.676"/>
  <system-out/>
  <testcase classname="com.testng.DataProviderTest" name="login" time="6.547"/>
  <system-out/>
  <testcase classname="com.testng.DataProviderTest" name="login" time="10.057"/>
  <system-out/>
  <testcase classname="com.testng.DataProviderTest" name="login" time="6.360"/>
  <system-out/>
</testsuite> <!-- com.testng.DataProviderTest -->
