<?xml version="1.0" encoding="UTF-8"?>
<!-- Generated by org.testng.reporters.JUnitReportReporter -->
<testsuite hostname="LAPTOP-B8RU0JF4" failures="0" tests="12" name="com.testng.InvacationCount" time="42.319" errors="0" timestamp="2024-11-22T11:06:36 IST" skipped="0">
  <testcase classname="com.testng.InvacationCount" name="firefoxBrowser" time="7.786"/>
  <system-out/>
  <testcase classname="com.testng.InvacationCount" name="chromeBrowser" time="3.798"/>
  <system-out/>
  <testcase classname="com.testng.InvacationCount" name="chromeBrowser" time="2.665"/>
  <system-out/>
  <testcase classname="com.testng.InvacationCount" name="chromeBrowser" time="2.722"/>
  <system-out/>
  <testcase classname="com.testng.InvacationCount" name="chromeBrowser" time="4.063"/>
  <system-out/>
  <testcase classname="com.testng.InvacationCount" name="chromeBrowser" time="1.740"/>
  <system-out/>
  <testcase classname="com.testng.InvacationCount" name="chromeBrowser" time="2.962"/>
  <system-out/>
  <testcase classname="com.testng.InvacationCount" name="chromeBrowser" time="3.065"/>
  <system-out/>
  <testcase classname="com.testng.InvacationCount" name="chromeBrowser" time="2.654"/>
  <system-out/>
  <testcase classname="com.testng.InvacationCount" name="chromeBrowser" time="3.181"/>
  <system-out/>
  <testcase classname="com.testng.InvacationCount" name="chromeBrowser" time="3.122"/>
  <system-out/>
  <testcase classname="com.testng.InvacationCount" name="edgeBrowser" time="4.561"/>
  <system-out/>
</testsuite> <!-- com.testng.InvacationCount -->
