<?xml version="1.0" encoding="UTF-8"?>
<!-- Generated by org.testng.reporters.JUnitReportReporter -->
<testsuite hostname="LAPTOP-B8RU0JF4" failures="0" tests="3" name="com.testng.CrossBrowserTesting" time="72.193" errors="0" timestamp="2024-11-20T18:26:54 IST" skipped="0">
  <testcase classname="com.testng.CrossBrowserTesting" name="firefoxBrowser" time="61.581"/>
  <system-out/>
  <testcase classname="com.testng.CrossBrowserTesting" name="chromeBrowser" time="2.538"/>
  <system-out/>
  <testcase classname="com.testng.CrossBrowserTesting" name="edgeBrowser" time="8.074"/>
  <system-out/>
</testsuite> <!-- com.testng.CrossBrowserTesting -->
